#
# There is insufficient memory for the Java Runtime Environment to continue.
# Native memory allocation (malloc) failed to allocate 714096 bytes for Chunk::new
# Possible reasons:
#   The system is out of physical RAM or swap space
#   In 32 bit mode, the process size limit was hit
# Possible solutions:
#   Reduce memory load on the system
#   Increase physical memory or swap space
#   Check if swap backing store is full
#   Use 64 bit Java on a 64 bit OS
#   Decrease Java heap size (-Xmx/-Xms)
#   Decrease number of Java threads
#   Decrease Java thread stack sizes (-Xss)
#   Set larger code cache with -XX:ReservedCodeCacheSize=
# This output file may be truncated or incomplete.
#
#  Out of Memory Error (allocation.cpp:390), pid=912, tid=0x0000000000001d28
#
# JRE version: Java(TM) SE Runtime Environment (8.0_172-b11) (build 1.8.0_172-b11)
# Java VM: Java HotSpot(TM) 64-Bit Server VM (25.172-b11 mixed mode windows-amd64 compressed oops)
# Failed to write core dump. Minidumps are not enabled by default on client versions of Windows
#

---------------  T H R E A D  ---------------

Current thread (0x000000001c671000):  JavaThread "C2 CompilerThread0" daemon [_thread_in_native, id=7464, stack(0x000000001ce30000,0x000000001cf30000)]

Stack: [0x000000001ce30000,0x000000001cf30000]
[error occurred during error reporting (printing stack bounds), id 0xc0000005]

Native frames: (J=compiled Java code, j=interpreted, Vv=VM code, C=native code)


Current CompileTask:
C2:   3653 2680       4       java.net.URLStreamHandler::parseURL (1193 bytes)


---------------  P R O C E S S  ---------------

Java Threads: ( => current thread )
  0x000000002911b000 JavaThread "pool-1-thread-1" [_thread_blocked, id=6904, stack(0x000000002a940000,0x000000002aa40000)]
  0x000000001c784000 JavaThread "Abandoned connection cleanup thread" daemon [_thread_blocked, id=7216, stack(0x000000002a440000,0x000000002a540000)]
  0x000000001d782000 JavaThread "TimerQueue" daemon [_thread_blocked, id=6352, stack(0x0000000028920000,0x0000000028a20000)]
  0x000000001d6d1800 JavaThread "D3D Screen Updater" daemon [_thread_blocked, id=524, stack(0x0000000027ef0000,0x0000000027ff0000)]
  0x000000001d63e000 JavaThread "Image Fetcher 0" daemon [_thread_blocked, id=7628, stack(0x0000000027760000,0x0000000027860000)]
  0x0000000003102800 JavaThread "DestroyJavaVM" [_thread_blocked, id=14044, stack(0x0000000003000000,0x0000000003100000)]
  0x000000001d615800 JavaThread "AWT-EventQueue-0" [_thread_in_Java, id=2200, stack(0x000000001e130000,0x000000001e230000)]
  0x000000001d5b0000 JavaThread "AWT-Windows" daemon [_thread_in_native, id=15760, stack(0x000000001df70000,0x000000001e070000)]
  0x000000001d5af000 JavaThread "AWT-Shutdown" [_thread_blocked, id=15424, stack(0x000000001de70000,0x000000001df70000)]
  0x000000001d60e800 JavaThread "Java2D Disposer" daemon [_thread_blocked, id=6696, stack(0x000000001dd70000,0x000000001de70000)]
  0x000000001c708000 JavaThread "Service Thread" daemon [_thread_blocked, id=15688, stack(0x000000001d230000,0x000000001d330000)]
  0x000000001c687800 JavaThread "C1 CompilerThread3" daemon [_thread_in_native, id=9020, stack(0x000000001d130000,0x000000001d230000)]
  0x000000001c67b800 JavaThread "C2 CompilerThread2" daemon [_thread_in_native, id=7944, stack(0x000000001d030000,0x000000001d130000)]
  0x000000001c679000 JavaThread "C2 CompilerThread1" daemon [_thread_blocked, id=10132, stack(0x000000001cf30000,0x000000001d030000)]
=>0x000000001c671000 JavaThread "C2 CompilerThread0" daemon [_thread_in_native, id=7464, stack(0x000000001ce30000,0x000000001cf30000)]
  0x000000001c66b800 JavaThread "Attach Listener" daemon [_thread_blocked, id=3184, stack(0x000000001cd30000,0x000000001ce30000)]
  0x000000001c66a800 JavaThread "Signal Dispatcher" daemon [_thread_blocked, id=14540, stack(0x000000001cc30000,0x000000001cd30000)]
  0x000000001c660800 JavaThread "Finalizer" daemon [_thread_blocked, id=15196, stack(0x000000001ca40000,0x000000001cb40000)]
  0x00000000031f9000 JavaThread "Reference Handler" daemon [_thread_blocked, id=8712, stack(0x000000001c540000,0x000000001c640000)]

Other Threads:
  0x000000001a759000 VMThread [stack: 0x000000001c440000,0x000000001c540000] [id=12596]
  0x000000001c734000 WatcherThread [stack: 0x000000001d330000,0x000000001d430000] [id=8852]

VM state:not at safepoint (normal execution)

VM Mutex/Monitor currently owned by a thread: None

Heap:
 PSYoungGen      total 82944K, used 2994K [0x0000000780380000, 0x0000000785f80000, 0x00000007c0000000)
  eden space 74752K, 4% used [0x0000000780380000,0x000000078066c9f8,0x0000000784c80000)
  from space 8192K, 0% used [0x0000000785480000,0x0000000785480000,0x0000000785c80000)
  to   space 8192K, 0% used [0x0000000784c80000,0x0000000784c80000,0x0000000785480000)
 ParOldGen       total 82432K, used 12284K [0x0000000700a00000, 0x0000000705a80000, 0x0000000780380000)
  object space 82432K, 14% used [0x0000000700a00000,0x00000007015ff3d0,0x0000000705a80000)
 Metaspace       used 34894K, capacity 35412K, committed 35800K, reserved 1079296K
  class space    used 4844K, capacity 5016K, committed 5120K, reserved 1048576K

Card table byte_map: [0x00000000125c0000,0x0000000012bc0000] byte_map_base: 0x000000000edbb000

Marking Bits: (ParMarkBitMap*) 0x0000000067f03c10
 Begin Bits: [0x00000000137c0000, 0x0000000016798000)
 End Bits:   [0x0000000016798000, 0x0000000019770000)

Polling page: 0x0000000001020000

CodeCache: size=245760Kb used=8037Kb max_used=8037Kb free=237722Kb
 bounds [0x0000000003200000, 0x00000000039f0000, 0x0000000012200000]
 total_blobs=3388 nmethods=2721 adapters=578
 compilation: enabled

Compilation events (10 events):
Event: 3.648 Thread 0x000000001c687800 nmethod 2693 0x00000000039cd5d0 code [0x00000000039cd720, 0x00000000039cd830]
Event: 3.649 Thread 0x000000001c687800 2694       1       org.hibernate.type.EntityType::isReferenceToPrimaryKey (5 bytes)
Event: 3.649 Thread 0x000000001c687800 nmethod 2694 0x00000000039cd250 code [0x00000000039cd3a0, 0x00000000039cd4b0]
Event: 3.649 Thread 0x000000001c687800 2695       1       org.hibernate.loader.plan.build.internal.spaces.EntityQuerySpaceImpl::getEntityPersister (5 bytes)
Event: 3.649 Thread 0x000000001c687800 nmethod 2695 0x00000000039d6f10 code [0x00000000039d7060, 0x00000000039d7170]
Event: 3.649 Thread 0x000000001c687800 2697       3       java.lang.String::valueOf (14 bytes)
Event: 3.649 Thread 0x000000001c687800 nmethod 2697 0x00000000039d6a90 code [0x00000000039d6c00, 0x00000000039d6e48]
Event: 3.649 Thread 0x000000001c687800 2699       1       org.hibernate.tuple.AbstractNonIdentifierAttribute::sessionFactory (5 bytes)
Event: 3.649 Thread 0x000000001c687800 nmethod 2699 0x00000000039d67d0 code [0x00000000039d6920, 0x00000000039d6a30]
Event: 3.649 Thread 0x000000001c687800 2698       1       org.hibernate.loader.plan.build.internal.returns.AbstractExpandingFetchSource::expandingQuerySpace (5 bytes)

GC Heap History (10 events):
Event: 2.544 GC heap before
{Heap before GC invocations=2 (full 0):
 PSYoungGen      total 57344K, used 32386K [0x0000000780380000, 0x0000000784380000, 0x00000007c0000000)
  eden space 49152K, 58% used [0x0000000780380000,0x0000000781fbe848,0x0000000783380000)
  from space 8192K, 42% used [0x0000000783380000,0x00000007836e1fc0,0x0000000783b80000)
  to   space 8192K, 0% used [0x0000000783b80000,0x0000000783b80000,0x0000000784380000)
 ParOldGen       total 131072K, used 16K [0x0000000700a00000, 0x0000000708a00000, 0x0000000780380000)
  object space 131072K, 0% used [0x0000000700a00000,0x0000000700a04000,0x0000000708a00000)
 Metaspace       used 20801K, capacity 21006K, committed 21248K, reserved 1067008K
  class space    used 2897K, capacity 2981K, committed 3072K, reserved 1048576K
Event: 2.550 GC heap after
Heap after GC invocations=2 (full 0):
 PSYoungGen      total 57344K, used 6719K [0x0000000780380000, 0x0000000784380000, 0x00000007c0000000)
  eden space 49152K, 0% used [0x0000000780380000,0x0000000780380000,0x0000000783380000)
  from space 8192K, 82% used [0x0000000783b80000,0x000000078420fd08,0x0000000784380000)
  to   space 8192K, 0% used [0x0000000783380000,0x0000000783380000,0x0000000783b80000)
 ParOldGen       total 131072K, used 88K [0x0000000700a00000, 0x0000000708a00000, 0x0000000780380000)
  object space 131072K, 0% used [0x0000000700a00000,0x0000000700a16010,0x0000000708a00000)
 Metaspace       used 20801K, capacity 21006K, committed 21248K, reserved 1067008K
  class space    used 2897K, capacity 2981K, committed 3072K, reserved 1048576K
}
Event: 2.550 GC heap before
{Heap before GC invocations=3 (full 1):
 PSYoungGen      total 57344K, used 6719K [0x0000000780380000, 0x0000000784380000, 0x00000007c0000000)
  eden space 49152K, 0% used [0x0000000780380000,0x0000000780380000,0x0000000783380000)
  from space 8192K, 82% used [0x0000000783b80000,0x000000078420fd08,0x0000000784380000)
  to   space 8192K, 0% used [0x0000000783380000,0x0000000783380000,0x0000000783b80000)
 ParOldGen       total 131072K, used 88K [0x0000000700a00000, 0x0000000708a00000, 0x0000000780380000)
  object space 131072K, 0% used [0x0000000700a00000,0x0000000700a16010,0x0000000708a00000)
 Metaspace       used 20801K, capacity 21006K, committed 21248K, reserved 1067008K
  class space    used 2897K, capacity 2981K, committed 3072K, reserved 1048576K
Event: 2.568 GC heap after
Heap after GC invocations=3 (full 1):
 PSYoungGen      total 57344K, used 0K [0x0000000780380000, 0x0000000784380000, 0x00000007c0000000)
  eden space 49152K, 0% used [0x0000000780380000,0x0000000780380000,0x0000000783380000)
  from space 8192K, 0% used [0x0000000783b80000,0x0000000783b80000,0x0000000784380000)
  to   space 8192K, 0% used [0x0000000783380000,0x0000000783380000,0x0000000783b80000)
 ParOldGen       total 82432K, used 6486K [0x0000000700a00000, 0x0000000705a80000, 0x0000000780380000)
  object space 82432K, 7% used [0x0000000700a00000,0x00000007010558e8,0x0000000705a80000)
 Metaspace       used 20801K, capacity 21006K, committed 21248K, reserved 1067008K
  class space    used 2897K, capacity 2981K, committed 3072K, reserved 1048576K
}
Event: 3.227 GC heap before
{Heap before GC invocations=4 (full 1):
 PSYoungGen      total 57344K, used 49152K [0x0000000780380000, 0x0000000784380000, 0x00000007c0000000)
  eden space 49152K, 100% used [0x0000000780380000,0x0000000783380000,0x0000000783380000)
  from space 8192K, 0% used [0x0000000783b80000,0x0000000783b80000,0x0000000784380000)
  to   space 8192K, 0% used [0x0000000783380000,0x0000000783380000,0x0000000783b80000)
 ParOldGen       total 82432K, used 6486K [0x0000000700a00000, 0x0000000705a80000, 0x0000000780380000)
  object space 82432K, 7% used [0x0000000700a00000,0x00000007010558e8,0x0000000705a80000)
 Metaspace       used 30327K, capacity 30810K, committed 31232K, reserved 1077248K
  class space    used 4127K, capacity 4289K, committed 4352K, reserved 1048576K
Event: 3.234 GC heap after
Heap after GC invocations=4 (full 1):
 PSYoungGen      total 57344K, used 8180K [0x0000000780380000, 0x0000000785c80000, 0x00000007c0000000)
  eden space 49152K, 0% used [0x0000000780380000,0x0000000780380000,0x0000000783380000)
  from space 8192K, 99% used [0x0000000783380000,0x0000000783b7d3b8,0x0000000783b80000)
  to   space 8192K, 0% used [0x0000000785480000,0x0000000785480000,0x0000000785c80000)
 ParOldGen       total 82432K, used 8482K [0x0000000700a00000, 0x0000000705a80000, 0x0000000780380000)
  object space 82432K, 10% used [0x0000000700a00000,0x00000007012489f0,0x0000000705a80000)
 Metaspace       used 30327K, capacity 30810K, committed 31232K, reserved 1077248K
  class space    used 4127K, capacity 4289K, committed 4352K, reserved 1048576K
}
Event: 3.588 GC heap before
{Heap before GC invocations=5 (full 1):
 PSYoungGen      total 57344K, used 42994K [0x0000000780380000, 0x0000000785c80000, 0x00000007c0000000)
  eden space 49152K, 70% used [0x0000000780380000,0x000000078257f540,0x0000000783380000)
  from space 8192K, 99% used [0x0000000783380000,0x0000000783b7d3b8,0x0000000783b80000)
  to   space 8192K, 0% used [0x0000000785480000,0x0000000785480000,0x0000000785c80000)
 ParOldGen       total 82432K, used 8482K [0x0000000700a00000, 0x0000000705a80000, 0x0000000780380000)
  object space 82432K, 10% used [0x0000000700a00000,0x00000007012489f0,0x0000000705a80000)
 Metaspace       used 34688K, capacity 35156K, committed 35416K, reserved 1079296K
  class space    used 4802K, capacity 4952K, committed 4992K, reserved 1048576K
Event: 3.594 GC heap after
Heap after GC invocations=5 (full 1):
 PSYoungGen      total 82944K, used 8166K [0x0000000780380000, 0x0000000785f80000, 0x00000007c0000000)
  eden space 74752K, 0% used [0x0000000780380000,0x0000000780380000,0x0000000784c80000)
  from space 8192K, 99% used [0x0000000785480000,0x0000000785c79b58,0x0000000785c80000)
  to   space 8192K, 0% used [0x0000000784c80000,0x0000000784c80000,0x0000000785480000)
 ParOldGen       total 82432K, used 9141K [0x0000000700a00000, 0x0000000705a80000, 0x0000000780380000)
  object space 82432K, 11% used [0x0000000700a00000,0x00000007012ed610,0x0000000705a80000)
 Metaspace       used 34688K, capacity 35156K, committed 35416K, reserved 1079296K
  class space    used 4802K, capacity 4952K, committed 4992K, reserved 1048576K
}
Event: 3.594 GC heap before
{Heap before GC invocations=6 (full 2):
 PSYoungGen      total 82944K, used 8166K [0x0000000780380000, 0x0000000785f80000, 0x00000007c0000000)
  eden space 74752K, 0% used [0x0000000780380000,0x0000000780380000,0x0000000784c80000)
  from space 8192K, 99% used [0x0000000785480000,0x0000000785c79b58,0x0000000785c80000)
  to   space 8192K, 0% used [0x0000000784c80000,0x0000000784c80000,0x0000000785480000)
 ParOldGen       total 82432K, used 9141K [0x0000000700a00000, 0x0000000705a80000, 0x0000000780380000)
  object space 82432K, 11% used [0x0000000700a00000,0x00000007012ed610,0x0000000705a80000)
 Metaspace       used 34688K, capacity 35156K, committed 35416K, reserved 1079296K
  class space    used 4802K, capacity 4952K, committed 4992K, reserved 1048576K
Event: 3.624 GC heap after
Heap after GC invocations=6 (full 2):
 PSYoungGen      total 82944K, used 0K [0x0000000780380000, 0x0000000785f80000, 0x00000007c0000000)
  eden space 74752K, 0% used [0x0000000780380000,0x0000000780380000,0x0000000784c80000)
  from space 8192K, 0% used [0x0000000785480000,0x0000000785480000,0x0000000785c80000)
  to   space 8192K, 0% used [0x0000000784c80000,0x0000000784c80000,0x0000000785480000)
 ParOldGen       total 82432K, used 12284K [0x0000000700a00000, 0x0000000705a80000, 0x0000000780380000)
  object space 82432K, 14% used [0x0000000700a00000,0x00000007015ff3d0,0x0000000705a80000)
 Metaspace       used 34688K, capacity 35156K, committed 35416K, reserved 1079296K
  class space    used 4802K, capacity 4952K, committed 4992K, reserved 1048576K
}

Deoptimization events (10 events):
Event: 2.379 Thread 0x000000001d615800 Uncommon trap: reason=unstable_if action=reinterpret pc=0x00000000034e930c method=java.lang.String.indexOf([CII[CIII)I @ 3
Event: 2.504 Thread 0x000000001d615800 Uncommon trap: reason=unstable_if action=reinterpret pc=0x000000000356cbc0 method=java.io.WinNTFileSystem.normalize(Ljava/lang/String;)Ljava/lang/String; @ 128
Event: 2.622 Thread 0x000000001c784000 Uncommon trap: reason=unstable_if action=reinterpret pc=0x0000000003534964 method=java.util.zip.ZipCoder.getBytes(Ljava/lang/String;)[B @ 32
Event: 2.692 Thread 0x000000001d615800 Uncommon trap: reason=predicate action=maybe_recompile pc=0x0000000003598d78 method=sun.net.www.ParseUtil.encodePath(Ljava/lang/String;Z)Ljava/lang/String; @ 36
Event: 2.735 Thread 0x000000001d615800 Uncommon trap: reason=unstable_if action=reinterpret pc=0x00000000035bef3c method=java.util.HashMap.putVal(ILjava/lang/Object;Ljava/lang/Object;ZZ)Ljava/lang/Object; @ 236
Event: 2.742 Thread 0x000000001d615800 Uncommon trap: reason=unstable_if action=reinterpret pc=0x00000000035dc53c method=java.lang.CharacterDataLatin1.isWhitespace(I)Z @ 14
Event: 2.793 Thread 0x000000001d615800 Uncommon trap: reason=unstable_if action=reinterpret pc=0x00000000037175ec method=java.io.ByteArrayInputStream.read([BII)I @ 63
Event: 2.797 Thread 0x000000001d615800 Uncommon trap: reason=unstable_if action=reinterpret pc=0x00000000036eeeac method=java.io.ByteArrayInputStream.read()I @ 8
Event: 2.992 Thread 0x000000001d615800 Uncommon trap: reason=unstable_if action=reinterpret pc=0x0000000003753020 method=java.util.Arrays.equals([B[B)Z @ 2
Event: 3.422 Thread 0x000000001d615800 Uncommon trap: reason=unstable_if action=reinterpret pc=0x00000000037b70a4 method=java.util.HashMap$HashIterator.<init>(Ljava/util/HashMap;)V @ 45

Classes redefined (0 events):
No events

Internal exceptions (10 events):
Event: 0.087 Thread 0x0000000003102800 Exception <a 'java/security/PrivilegedActionException'> (0x0000000780440b18) thrown at [C:\re\workspace\8-2-build-windows-amd64-cygwin\jdk8u172\10810\hotspot\src\share\vm\prims\jvm.cpp, line 1435]
Event: 0.090 Thread 0x0000000003102800 Exception <a 'java/io/FileNotFoundException'> (0x0000000780442c20) thrown at [C:\re\workspace\8-2-build-windows-amd64-cygwin\jdk8u172\10810\hotspot\src\share\vm\prims\jni.cpp, line 709]
Event: 0.118 Thread 0x0000000003102800 Exception <a 'java/lang/NoSuchFieldError': method resolution failed> (0x000000078060a2f8) thrown at [C:\re\workspace\8-2-build-windows-amd64-cygwin\jdk8u172\10810\hotspot\src\share\vm\prims\methodHandles.cpp, line 1167]
Event: 0.119 Thread 0x0000000003102800 Exception <a 'java/lang/NoSuchFieldError': method resolution failed> (0x00000007806176c8) thrown at [C:\re\workspace\8-2-build-windows-amd64-cygwin\jdk8u172\10810\hotspot\src\share\vm\prims\methodHandles.cpp, line 1167]
Event: 0.163 Thread 0x000000001d615800 Exception <a 'java/io/FileNotFoundException'> (0x0000000780859850) thrown at [C:\re\workspace\8-2-build-windows-amd64-cygwin\jdk8u172\10810\hotspot\src\share\vm\prims\jni.cpp, line 709]
Event: 2.265 Thread 0x000000001d615800 Exception <a 'java/lang/ClassNotFoundException': com/sun/org/glassfish/hk2/osgiresourcelocator/ServiceLoader> (0x00000007813f91a8) thrown at [C:\re\workspace\8-2-build-windows-amd64-cygwin\jdk8u172\10810\hotspot\src\share\vm\classfile\systemDictionary.cpp
Event: 2.267 Thread 0x000000001d615800 Exception <a 'java/lang/NullPointerException'> (0x00000007814016c0) thrown at [C:\re\workspace\8-2-build-windows-amd64-cygwin\jdk8u172\10810\hotspot\src\share\vm\interpreter\linkResolver.cpp, line 1287]
Event: 2.286 Thread 0x000000001d615800 Exception <a 'java/lang/ArrayIndexOutOfBoundsException': 18> (0x00000007814a2c60) thrown at [C:\re\workspace\8-2-build-windows-amd64-cygwin\jdk8u172\10810\hotspot\src\share\vm\interpreter\interpreterRuntime.cpp, line 366]
Event: 2.287 Thread 0x000000001d615800 Exception <a 'java/lang/ArrayIndexOutOfBoundsException': 67> (0x00000007814a4120) thrown at [C:\re\workspace\8-2-build-windows-amd64-cygwin\jdk8u172\10810\hotspot\src\share\vm\interpreter\interpreterRuntime.cpp, line 366]
Event: 2.287 Thread 0x000000001d615800 Exception <a 'java/lang/ArrayIndexOutOfBoundsException': 65> (0x00000007814a5938) thrown at [C:\re\workspace\8-2-build-windows-amd64-cygwin\jdk8u172\10810\hotspot\src\share\vm\interpreter\interpreterRuntime.cpp, line 366]

Events (10 events):
Event: 3.646 loading class org/hibernate/loader/plan/spi/JoinDefinedByMetadata
Event: 3.646 loading class org/hibernate/loader/plan/spi/JoinDefinedByMetadata done
Event: 3.646 loading class org/hibernate/loader/plan/build/internal/spaces/JoinImpl
Event: 3.646 loading class org/hibernate/loader/plan/build/internal/spaces/JoinImpl done
Event: 3.647 loading class org/hibernate/loader/plan/build/internal/returns/EntityAttributeFetchImpl
Event: 3.647 loading class org/hibernate/loader/plan/build/internal/returns/EntityAttributeFetchImpl done
Event: 3.647 loading class org/hibernate/loader/plan/build/internal/returns/BidirectionalEntityReferenceImpl
Event: 3.647 loading class org/hibernate/loader/plan/build/internal/returns/BidirectionalEntityReferenceImpl done
Event: 3.648 loading class org/hibernate/sql/ANSIJoinFragment$1
Event: 3.648 loading class org/hibernate/sql/ANSIJoinFragment$1 done


Dynamic libraries:
0x00007ff604110000 - 0x00007ff604147000 	C:\Program Files\Java\jre1.8.0_172\bin\javaw.exe
0x00007ffe2ee70000 - 0x00007ffe2f051000 	C:\WINDOWS\SYSTEM32\ntdll.dll
0x00007ffe2ea00000 - 0x00007ffe2eab2000 	C:\WINDOWS\System32\KERNEL32.DLL
0x00007ffe2bf70000 - 0x00007ffe2c1e3000 	C:\WINDOWS\System32\KERNELBASE.dll
0x00007ffe2c600000 - 0x00007ffe2c6a1000 	C:\WINDOWS\System32\ADVAPI32.dll
0x00007ffe2ebb0000 - 0x00007ffe2ec4e000 	C:\WINDOWS\System32\msvcrt.dll
0x00007ffe2e620000 - 0x00007ffe2e67b000 	C:\WINDOWS\System32\sechost.dll
0x00007ffe2e320000 - 0x00007ffe2e444000 	C:\WINDOWS\System32\RPCRT4.dll
0x00007ffe2ecb0000 - 0x00007ffe2ee40000 	C:\WINDOWS\System32\USER32.dll
0x00007ffe2b7f0000 - 0x00007ffe2b810000 	C:\WINDOWS\System32\win32u.dll
0x00007ffe2e5f0000 - 0x00007ffe2e618000 	C:\WINDOWS\System32\GDI32.dll
0x00007ffe2b3e0000 - 0x00007ffe2b572000 	C:\WINDOWS\System32\gdi32full.dll
0x00007ffe2b240000 - 0x00007ffe2b2df000 	C:\WINDOWS\System32\msvcp_win.dll
0x00007ffe2b2e0000 - 0x00007ffe2b3da000 	C:\WINDOWS\System32\ucrtbase.dll
0x00007ffe21710000 - 0x00007ffe21979000 	C:\WINDOWS\WinSxS\amd64_microsoft.windows.common-controls_6595b64144ccf1df_6.0.17134.345_none_fb429a5930656358\COMCTL32.dll
0x00007ffe2daf0000 - 0x00007ffe2de13000 	C:\WINDOWS\System32\combase.dll
0x00007ffe2b770000 - 0x00007ffe2b7ea000 	C:\WINDOWS\System32\bcryptPrimitives.dll
0x00007ffe2e5c0000 - 0x00007ffe2e5ed000 	C:\WINDOWS\System32\IMM32.DLL
0x0000000067040000 - 0x0000000067112000 	C:\Program Files\Java\jre1.8.0_172\bin\msvcr100.dll
0x00000000676e0000 - 0x0000000067f83000 	C:\Program Files\Java\jre1.8.0_172\bin\server\jvm.dll
0x00007ffe2e450000 - 0x00007ffe2e458000 	C:\WINDOWS\System32\PSAPI.DLL
0x00007ffe1bc20000 - 0x00007ffe1bc29000 	C:\WINDOWS\SYSTEM32\WSOCK32.dll
0x00007ffe25e40000 - 0x00007ffe25e4a000 	C:\WINDOWS\SYSTEM32\VERSION.dll
0x00007ffe27040000 - 0x00007ffe27063000 	C:\WINDOWS\SYSTEM32\WINMM.dll
0x00007ffe2e820000 - 0x00007ffe2e88c000 	C:\WINDOWS\System32\WS2_32.dll
0x00007ffe27010000 - 0x00007ffe2703a000 	C:\WINDOWS\SYSTEM32\WINMMBASE.dll
0x00007ffe2bf20000 - 0x00007ffe2bf69000 	C:\WINDOWS\System32\cfgmgr32.dll
0x00000000675f0000 - 0x00000000675ff000 	C:\Program Files\Java\jre1.8.0_172\bin\verify.dll
0x00000000675c0000 - 0x00000000675e9000 	C:\Program Files\Java\jre1.8.0_172\bin\java.dll
0x00000000675a0000 - 0x00000000675b6000 	C:\Program Files\Java\jre1.8.0_172\bin\zip.dll
0x00007ffe2c6b0000 - 0x00007ffe2daef000 	C:\WINDOWS\System32\SHELL32.dll
0x00007ffe2c300000 - 0x00007ffe2c3a9000 	C:\WINDOWS\System32\shcore.dll
0x00007ffe2b810000 - 0x00007ffe2bf1d000 	C:\WINDOWS\System32\windows.storage.dll
0x00007ffe2e890000 - 0x00007ffe2e8e1000 	C:\WINDOWS\System32\shlwapi.dll
0x00007ffe2b190000 - 0x00007ffe2b1a1000 	C:\WINDOWS\System32\kernel.appcore.dll
0x00007ffe2b220000 - 0x00007ffe2b23f000 	C:\WINDOWS\System32\profapi.dll
0x00007ffe2b1d0000 - 0x00007ffe2b21c000 	C:\WINDOWS\System32\powrprof.dll
0x00007ffe2b180000 - 0x00007ffe2b18a000 	C:\WINDOWS\System32\FLTLIB.DLL
0x0000000066ea0000 - 0x0000000067039000 	C:\Program Files\Java\jre1.8.0_172\bin\awt.dll
0x00007ffe2c530000 - 0x00007ffe2c5f2000 	C:\WINDOWS\System32\OLEAUT32.dll
0x00007ffe28860000 - 0x00007ffe288eb000 	C:\WINDOWS\SYSTEM32\apphelp.dll
0x00007ffe28b20000 - 0x00007ffe28bb8000 	C:\WINDOWS\system32\uxtheme.dll
0x00007ffe2c3b0000 - 0x00007ffe2c524000 	C:\WINDOWS\System32\MSCTF.dll
0x00007ffe29730000 - 0x00007ffe29759000 	C:\WINDOWS\system32\dwmapi.dll
0x00007ffe2e460000 - 0x00007ffe2e5b1000 	C:\WINDOWS\System32\ole32.dll
0x00007ffdfe3a0000 - 0x00007ffdfe4c0000 	C:\WINDOWS\system32\opengl32.dll
0x00007ffe11280000 - 0x00007ffe112ac000 	C:\WINDOWS\SYSTEM32\GLU32.dll
0x00007ffe1c540000 - 0x00007ffe1c6d7000 	C:\WINDOWS\system32\d3d9.dll
0x00007ffe25f40000 - 0x00007ffe2602c000 	C:\WINDOWS\System32\DriverStore\FileRepository\nvami.inf_amd64_58709d9ce00834a8\nvldumdx.dll
0x00007ffe2b580000 - 0x00007ffe2b762000 	C:\WINDOWS\System32\crypt32.dll
0x00007ffe2b1b0000 - 0x00007ffe2b1c2000 	C:\WINDOWS\System32\MSASN1.dll
0x00007ffe2c1f0000 - 0x00007ffe2c247000 	C:\WINDOWS\System32\WINTRUST.DLL
0x00007ffe2e8f0000 - 0x00007ffe2e90d000 	C:\WINDOWS\System32\imagehlp.dll
0x00007ffe2abc0000 - 0x00007ffe2abd7000 	C:\WINDOWS\SYSTEM32\CRYPTSP.dll
0x00007ffe2a5e0000 - 0x00007ffe2a613000 	C:\WINDOWS\system32\rsaenh.dll
0x00007ffe2ace0000 - 0x00007ffe2ad05000 	C:\WINDOWS\SYSTEM32\bcrypt.dll
0x00007ffe2abb0000 - 0x00007ffe2abbb000 	C:\WINDOWS\SYSTEM32\CRYPTBASE.dll
0x00007ffde8920000 - 0x00007ffde9b59000 	C:\WINDOWS\System32\DriverStore\FileRepository\nvami.inf_amd64_58709d9ce00834a8\nvd3dumx.dll
0x00007ffe1feb0000 - 0x00007ffe1ff73000 	C:\Program Files (x86)\NVIDIA Corporation\3D Vision\nvSCPAPI64.dll
0x00007ffe2ded0000 - 0x00007ffe2e31b000 	C:\WINDOWS\System32\SETUPAPI.dll
0x00007ffe29ea0000 - 0x00007ffe29ec2000 	C:\WINDOWS\SYSTEM32\gpapi.dll
0x00007ffe24b30000 - 0x00007ffe24b5e000 	C:\WINDOWS\SYSTEM32\cryptnet.dll
0x0000000066e50000 - 0x0000000066e97000 	C:\Program Files\Java\jre1.8.0_172\bin\fontmanager.dll
0x00007ffe2de20000 - 0x00007ffe2dec0000 	C:\WINDOWS\System32\clbcatq.dll
0x00007ffe25ac0000 - 0x00007ffe25c6e000 	C:\WINDOWS\SYSTEM32\WindowsCodecs.dll
0x00007ffe18290000 - 0x00007ffe182e8000 	C:\WINDOWS\system32\dataexchange.dll
0x00007ffe28140000 - 0x00007ffe282dc000 	C:\WINDOWS\system32\dcomp.dll
0x00007ffe27860000 - 0x00007ffe27b6b000 	C:\WINDOWS\system32\d3d11.dll
0x00007ffe29f40000 - 0x00007ffe29ffb000 	C:\WINDOWS\system32\dxgi.dll
0x00007ffe29540000 - 0x00007ffe296f8000 	C:\WINDOWS\system32\twinapi.appcore.dll
0x00007ffe29700000 - 0x00007ffe29721000 	C:\WINDOWS\system32\RMCLIENT.dll
0x00007ffe22f50000 - 0x00007ffe22fe7000 	C:\WINDOWS\System32\TextInputFramework.dll
0x00007ffe28640000 - 0x00007ffe2871a000 	C:\WINDOWS\System32\CoreMessaging.dll
0x00007ffe24d60000 - 0x00007ffe2507e000 	C:\WINDOWS\System32\CoreUIComponents.dll
0x00007ffe2a270000 - 0x00007ffe2a2a1000 	C:\WINDOWS\SYSTEM32\ntmarta.dll
0x00007ffe26d60000 - 0x00007ffe26ead000 	C:\WINDOWS\SYSTEM32\wintypes.dll
0x0000000067580000 - 0x000000006759a000 	C:\Program Files\Java\jre1.8.0_172\bin\net.dll
0x00007ffe2aa00000 - 0x00007ffe2aa66000 	C:\WINDOWS\system32\mswsock.dll
0x0000000067560000 - 0x0000000067571000 	C:\Program Files\Java\jre1.8.0_172\bin\nio.dll
0x0000000066e00000 - 0x0000000066e42000 	C:\Program Files\Java\jre1.8.0_172\bin\t2k.dll
0x00007ffe2b080000 - 0x00007ffe2b0a8000 	C:\WINDOWS\SYSTEM32\USERENV.dll
0x00007ffe2a780000 - 0x00007ffe2a7b8000 	C:\WINDOWS\SYSTEM32\IPHLPAPI.DLL
0x00007ffe2dec0000 - 0x00007ffe2dec8000 	C:\WINDOWS\System32\NSI.dll
0x00007ffe25140000 - 0x00007ffe25156000 	C:\WINDOWS\SYSTEM32\dhcpcsvc6.DLL
0x00007ffe24d40000 - 0x00007ffe24d5a000 	C:\WINDOWS\SYSTEM32\dhcpcsvc.DLL
0x0000000067530000 - 0x0000000067554000 	C:\Program Files\Java\jre1.8.0_172\bin\sunec.dll
0x0000000067120000 - 0x000000006712b000 	C:\Program Files\Java\jre1.8.0_172\bin\sunmscapi.dll

VM Arguments:
jvm_args: -Dfile.encoding=Cp1252 
java_command: pantallas.InicioSesion
java_class_path (initial): C:\Program Files\Java\jre1.8.0_172\lib\resources.jar;C:\Program Files\Java\jre1.8.0_172\lib\rt.jar;C:\Program Files\Java\jre1.8.0_172\lib\jsse.jar;C:\Program Files\Java\jre1.8.0_172\lib\jce.jar;C:\Program Files\Java\jre1.8.0_172\lib\charsets.jar;C:\Program Files\Java\jre1.8.0_172\lib\jfr.jar;C:\Program Files\Java\jre1.8.0_172\lib\ext\access-bridge-64.jar;C:\Program Files\Java\jre1.8.0_172\lib\ext\cldrdata.jar;C:\Program Files\Java\jre1.8.0_172\lib\ext\dnsns.jar;C:\Program Files\Java\jre1.8.0_172\lib\ext\jaccess.jar;C:\Program Files\Java\jre1.8.0_172\lib\ext\jfxrt.jar;C:\Program Files\Java\jre1.8.0_172\lib\ext\localedata.jar;C:\Program Files\Java\jre1.8.0_172\lib\ext\mysql-connector-java-8.0.13.jar;C:\Program Files\Java\jre1.8.0_172\lib\ext\nashorn.jar;C:\Program Files\Java\jre1.8.0_172\lib\ext\sunec.jar;C:\Program Files\Java\jre1.8.0_172\lib\ext\sunjce_provider.jar;C:\Program Files\Java\jre1.8.0_172\lib\ext\sunmscapi.jar;C:\Program Files\Java\jre1.8.0_172\lib\ext\sunpkcs11.jar;C:\Program Files\Java\jre1.8.0_172\lib\ext\zipfs.jar;C:\Users\Carli\eclipse-workspace\tpDDS\bin;C:\Users\Carli\eclipse-workspace\tpDDS\lib\mysql-connector-java-8.0.13.jar;C:\Users\Carli\eclipse-workspace\tpDDS\lib\antlr-2.7.7.jar;C:\Users\Carli\eclipse-workspace\tpDDS\lib\byte-buddy-1.8.17.jar;C:\Users\Carli\eclipse-workspace\tpDDS\lib\classmate-1.3.4.jar;C:\Users\Carli\eclipse-workspace\tpDDS\lib\dom4j-2.1.1.jar;C:\Users\Carli\eclipse-workspace\tpDDS\lib\hibernate-commons-annotations-5.0.4.Final.jar;C:\Users\Carli\eclipse-workspace\tpDDS\lib\hibernate-core-5.3.7.Final.jar;C:\Users\Carli\eclipse-workspace\tpDDS\lib\jandex-2.0.5.Final.jar;C:\Users\Carli\eclipse-workspace\tpDDS\lib\javassist-3.23.1-GA.jar;C:\Users\Carli\eclipse-workspace\tpDDS\lib\javax.activation-api-1.2.0.jar;C:\Users\Carli\eclipse-workspace\tpDDS\lib\javax.persistence-api-2.2.jar;C:\Users\Carli\eclipse-workspace\tpDDS\lib\jboss-logging-3.3.2.Final.jar;C:\Users\Carli\eclipse-workspace\tpDDS\lib\jbo
Launcher Type: SUN_STANDARD

Environment Variables:
JAVA_HOME=C:\Program Files (x86)\Java\jdk1.8.0_181
PATH=C:/Program Files/Java/jre1.8.0_172/bin/server;C:/Program Files/Java/jre1.8.0_172/bin;C:/Program Files/Java/jre1.8.0_172/lib/amd64;C:\Program Files (x86)\Common Files\Oracle\Java\javapath;C:\Program Files (x86)\Intel\iCLS Client\;C:\Program Files\Intel\iCLS Client\;C:\Windows\system32;C:\Windows;C:\Windows\System32\Wbem;C:\Windows\System32\WindowsPowerShell\v1.0\;C:\Program Files (x86)\Intel\Intel(R) Management Engine Components\DAL;C:\Program Files\Intel\Intel(R) Management Engine Components\DAL;C:\Program Files (x86)\Intel\Intel(R) Management Engine Components\IPT;C:\Program Files\Intel\Intel(R) Management Engine Components\IPT;C:\Program Files (x86)\NVIDIA Corporation\PhysX\Common;C:\Program Files\Intel\WiFi\bin\;C:\Program Files\Common Files\Intel\WirelessCommon\;C:\WINDOWS\system32;C:\WINDOWS;C:\WINDOWS\System32\Wbem;C:\WINDOWS\System32\WindowsPowerShell\v1.0\;C:\WINDOWS\System32\OpenSSH\;C:\Users\Carli\AppData\Local\Microsoft\WindowsApps;C:\adb;C:\Program Files\dotnet\;C:\Program Files\nodejs\;C:\Program Files\Git\cmd;C:\Program Files (x86)\Java\jdk1.8.0_181\bin;C:\Users\Carli\AppData\Local\Microsoft\WindowsApps;C:\Users\Carli\AppData\Roaming\npm;C:\Program Files (x86)\SSH Communications Security\SSH Secure Shell;C:\Users\Carli\Desktop;
USERNAME=Carli
OS=Windows_NT
PROCESSOR_IDENTIFIER=Intel64 Family 6 Model 158 Stepping 9, GenuineIntel



---------------  S Y S T E M  ---------------

OS: Windows 10.0 , 64 bit Build 17134 (10.0.17134.1)

CPU:total 8 (initial active 8) (4 cores per cpu, 2 threads per core) family 6 model 158 stepping 9, cmov, cx8, fxsr, mmx, sse, sse2, sse3, ssse3, sse4.1, sse4.2, popcnt, avx, avx2, aes, clmul, erms, 3dnowpref, lzcnt, ht, tsc, tscinvbit, bmi1, bmi2, adx

Memory: 4k page, physical 12538592k(5715084k free), swap 16269344k(5388k free)

vm_info: Java HotSpot(TM) 64-Bit Server VM (25.172-b11) for windows-amd64 JRE (1.8.0_172-b11), built on Mar 28 2018 21:21:52 by "java_re" with MS VC++ 10.0 (VS2010)

time: Fri Nov 09 16:36:26 2018
elapsed time: 3 seconds (0d 0h 0m 3s)

